[percy] Notice: Percy collects CI logs to improve service and enhance your experience. These logs help us debug issues and provide insights on your dashboards, making it easier to optimize the product experience. Logs are stored securely for 30 days. You can opt out anytime with export PERCY_CLIENT_ERROR_LOGS=false, but keeping this enabled helps us offer the best support and features.
[percy] Percy has started!
[percy] Snapshot taken: Use Cases Screen
[percy] Snapshot taken: Use Cases Screen
[percy] Encountered an error uploading snapshot: Use Cases Screen
[percy] Error: A screenshot with the same name was uploaded before from the same device -- All screenshots with same name should come from unique devices.
[percy] Detected error for Snapshot: Use Cases Screen
[percy] Failure: Upload snapshot failure
[percy] Failure Reason: Some snapshot or component uploads failed.
[percy] Suggestion: Snapshot Error: Use Cases Screen: 
 [] 

[percy] Refer to the below Doc Links for the same
[percy] * https://www.browserstack.com/docs/percy/common-issue/common-errors/upload-snapshot-failure
[percy] Snapshot taken: Use Cases Screen
[percy] Encountered an error uploading snapshot: Use Cases Screen
[percy] Error: A screenshot with the same name was uploaded before from the same device -- All screenshots with same name should come from unique devices.
[percy] Detected error for Snapshot: Use Cases Screen
[percy] Failure: Upload snapshot failure
[percy] Failure Reason: Some snapshot or component uploads failed.
[percy] Suggestion: Snapshot Error: Use Cases Screen: 
 [] 

[percy] Refer to the below Doc Links for the same
[percy] * https://www.browserstack.com/docs/percy/common-issue/common-errors/upload-snapshot-failure
[percy] Finalized build #129: https://percy.io/1460e610/app/appium-test-1f6b934e/builds/39283332
[percy] Build's CLI and CI logs sent successfully. Please share this log ID with Percy team in case of any issues - 39283332_build_39283332_cli_a5d02757e0f9d884498610a0412b921e160a4f96
